2025-04-04 08:11:22.813747 - Received CBT.V508.FILE341.PDS from FILE341.XMI 
2025-04-04 08:11:22.815131 - Found $$$#DATE.txt (text/plain) in CBT.V508.FILE341.PDS, moved to PDS/$$$#DATE
2025-04-04 08:11:22.815311 - Found $$$HIST.txt (text/plain) in CBT.V508.FILE341.PDS, moved to PDS/$$$HIST
2025-04-04 08:11:22.815451 - Found $$DOC.txt (text/plain) in CBT.V508.FILE341.PDS, moved to PDS/$$DOC
2025-04-04 08:11:22.815581 - Found $NOTES.txt (text/plain) in CBT.V508.FILE341.PDS, moved to PDS/$NOTES
2025-04-04 08:11:22.815710 - Found @FILE341.txt (text/plain) in CBT.V508.FILE341.PDS, moved to PDS/@FILE341
2025-04-04 08:11:22.815856 - Found BEGIN.txt (text/plain) in CBT.V508.FILE341.PDS, moved to PDS/BEGIN
2025-04-04 08:11:22.816024 - Found BOT.txt (text/plain) in CBT.V508.FILE341.PDS, moved to PDS/BOT
2025-04-04 08:11:22.816151 - Found COMP.txt (text/plain) in CBT.V508.FILE341.PDS, moved to PDS/COMP
2025-04-04 08:11:22.816277 - Found COND.txt (text/plain) in CBT.V508.FILE341.PDS, moved to PDS/COND
2025-04-04 08:11:22.816415 - Found DO.txt (text/plain) in CBT.V508.FILE341.PDS, moved to PDS/DO
2025-04-04 08:11:22.816543 - Found DOCELLS.txt (text/plain) in CBT.V508.FILE341.PDS, moved to PDS/DOCELLS
2025-04-04 08:11:22.816661 - Found DOEND.txt (text/plain) in CBT.V508.FILE341.PDS, moved to PDS/DOEND
2025-04-04 08:11:22.816777 - Found DOOUT.txt (text/plain) in CBT.V508.FILE341.PDS, moved to PDS/DOOUT
2025-04-04 08:11:22.816897 - Found ELSE.txt (text/plain) in CBT.V508.FILE341.PDS, moved to PDS/ELSE
2025-04-04 08:11:22.817044 - Found EXIT.txt (text/plain) in CBT.V508.FILE341.PDS, moved to PDS/EXIT
2025-04-04 08:11:22.817191 - Found FINISH.txt (text/plain) in CBT.V508.FILE341.PDS, moved to PDS/FINISH
2025-04-04 08:11:22.817305 - Found IF.txt (text/plain) in CBT.V508.FILE341.PDS, moved to PDS/IF
2025-04-04 08:11:22.817432 - Found IFEND.txt (text/plain) in CBT.V508.FILE341.PDS, moved to PDS/IFEND
2025-04-04 08:11:22.817555 - Found ISAMCSA.txt (text/plain) in CBT.V508.FILE341.PDS, moved to PDS/ISAMCSA
2025-04-04 08:11:22.817687 - Found LAMDA.txt (text/plain) in CBT.V508.FILE341.PDS, moved to PDS/LAMDA
2025-04-04 08:11:22.817824 - Found OPANALY.txt (text/plain) in CBT.V508.FILE341.PDS, moved to PDS/OPANALY
2025-04-04 08:11:22.817950 - Found OPTYANAL.txt (text/plain) in CBT.V508.FILE341.PDS, moved to PDS/OPTYANAL
2025-04-04 08:11:22.818129 - Found PACCVT.txt (text/plain) in CBT.V508.FILE341.PDS, moved to PDS/PACCVT
2025-04-04 08:11:22.818303 - Found PACDIR.txt (text/plain) in CBT.V508.FILE341.PDS, moved to PDS/PACDIR
2025-04-04 08:11:22.818450 - Found PACEQU.txt (text/plain) in CBT.V508.FILE341.PDS, moved to PDS/PACEQU
2025-04-04 08:11:22.818586 - Found SAVEAREA.txt (text/plain) in CBT.V508.FILE341.PDS, moved to PDS/SAVEAREA
2025-04-04 08:11:22.818713 - Found SAVEGPRS.txt (text/plain) in CBT.V508.FILE341.PDS, moved to PDS/SAVEGPRS
2025-04-04 08:11:22.818840 - Found SETAMODE.txt (text/plain) in CBT.V508.FILE341.PDS, moved to PDS/SETAMODE
2025-04-04 08:11:22.818968 - Found STRCHECK.txt (text/plain) in CBT.V508.FILE341.PDS, moved to PDS/STRCHECK
2025-04-04 08:11:22.819099 - Found TOP.txt (text/plain) in CBT.V508.FILE341.PDS, moved to PDS/TOP
2025-04-04 08:11:22.819236 - Found WHILE.txt (text/plain) in CBT.V508.FILE341.PDS, moved to PDS/WHILE
